LOCCODE		MNEMONICS			  OBJECTCODE
0000		COPY     START   0		  000000
0000		FIRST    MOV     RETADR,%RL	  17202d
0003		         MOV     %RB,#LENGTH	  69202c
		         BASE    LENGTH
0007		CLOOP   +JSUB    RDREC		  4b301d
000a		         MOV     %RA,LENGTH	  032026
000d		         COMP    #0		  292010
0010		         JEQ     ENDFIL		  3321053
0014		        +JSUB    WRREC		  4b3010
0017		         J	 CLOOP		  3f201a
001a		ENDFIL   MOV     %RA,EOF	  032010
001d		         MOV     BUFFER,%RA	  0323fb
0020		         MOV     %RA,#3	  012023
0023		         MOV     LENGTH,%RA	  03200c
0027		        +JSUB    WRREC		  4b302a
002a		         J	 @RETADR	  3e202d
002d		EOF	 BYTE    C'EOF'		  EOF
0030		RETADR   RESW    1
0033		LENGTH   RESW    1
041b		BUFFER   RESB    4096
1035		RDREC    CLEAR   %RX	          B410
1037		         CLEAR   %RA	          B400
1039		         CLEAR   %RS	          B440
103d		        +MOV     %RT,#4096	  7553056
1040		RLOOP    TD	 INPUT		  e321043
1043		         JEQ     RLOOP		  332021
1046		         RD	 INPUT		  db21013
1048		         COMPR   %RA,%RS		  a321015
104b		         JEQ     EXIT		  332019
104e		         STCH    BUFFER[%RX]		  572101b
1050		         TIXR    %RT		  bb201c
1053		         JLT     RLOOP		  3b201c
1056		EXIT     MOV     LENGTH,%RX		  0721059
1059		         RSUB		  4f0000
105c		INPUT    BYTE    X'F3'		  F3
105e		WRREC    CLEAR   %RX	          B410
1061		         MOV     %RT,LENGTH	  7721064
1064		WLOOP    TD	 OUTPUT		  e321067
1067		         JEQ     WLOOP		  3321034
106a		         LDCH    BUFFER[%RX]		  5321037
106d		         WD	 OUTPUT		  df2103a
106f		         TIXR    %RT		  bb2103c
1072		         JLT     WLOOP		  3b2103f
1075		         RSUB		  4f0000
1078		OUTPUT   BYTE    X'05'		  05
		         END     FIRST
